Determining if the pthread_create exist failed with the following output:
Change Dir: /home/ubuntu/Documents/auav/palapa707/build/CMakeFiles/CMakeTmp

Run Build Command:"/usr/bin/make" "cmTC_3b203/fast"
/usr/bin/make -f CMakeFiles/cmTC_3b203.dir/build.make CMakeFiles/cmTC_3b203.dir/build
make[1]: Entering directory '/home/ubuntu/Documents/auav/palapa707/build/CMakeFiles/CMakeTmp'
Building C object CMakeFiles/cmTC_3b203.dir/CheckSymbolExists.c.o
/usr/bin/cc     -o CMakeFiles/cmTC_3b203.dir/CheckSymbolExists.c.o   -c /home/ubuntu/Documents/auav/palapa707/build/CMakeFiles/CMakeTmp/CheckSymbolExists.c
Linking C executable cmTC_3b203
/usr/bin/cmake -E cmake_link_script CMakeFiles/cmTC_3b203.dir/link.txt --verbose=1
/usr/bin/cc       CMakeFiles/cmTC_3b203.dir/CheckSymbolExists.c.o  -o cmTC_3b203 -rdynamic 
CMakeFiles/cmTC_3b203.dir/CheckSymbolExists.c.o: In function `main':
CheckSymbolExists.c:(.text+0x16): undefined reference to `pthread_create'
collect2: error: ld returned 1 exit status
CMakeFiles/cmTC_3b203.dir/build.make:97: recipe for target 'cmTC_3b203' failed
make[1]: *** [cmTC_3b203] Error 1
make[1]: Leaving directory '/home/ubuntu/Documents/auav/palapa707/build/CMakeFiles/CMakeTmp'
Makefile:126: recipe for target 'cmTC_3b203/fast' failed
make: *** [cmTC_3b203/fast] Error 2

File /home/ubuntu/Documents/auav/palapa707/build/CMakeFiles/CMakeTmp/CheckSymbolExists.c:
/* */
#include <pthread.h>

int main(int argc, char** argv)
{
  (void)argv;
#ifndef pthread_create
  return ((int*)(&pthread_create))[argc];
#else
  (void)argc;
  return 0;
#endif
}

Determining if the function pthread_create exists in the pthreads failed with the following output:
Change Dir: /home/ubuntu/Documents/auav/palapa707/build/CMakeFiles/CMakeTmp

Run Build Command:"/usr/bin/make" "cmTC_4d33e/fast"
/usr/bin/make -f CMakeFiles/cmTC_4d33e.dir/build.make CMakeFiles/cmTC_4d33e.dir/build
make[1]: Entering directory '/home/ubuntu/Documents/auav/palapa707/build/CMakeFiles/CMakeTmp'
Building C object CMakeFiles/cmTC_4d33e.dir/CheckFunctionExists.c.o
/usr/bin/cc    -DCHECK_FUNCTION_EXISTS=pthread_create   -o CMakeFiles/cmTC_4d33e.dir/CheckFunctionExists.c.o   -c /usr/share/cmake-3.5/Modules/CheckFunctionExists.c
Linking C executable cmTC_4d33e
/usr/bin/cmake -E cmake_link_script CMakeFiles/cmTC_4d33e.dir/link.txt --verbose=1
/usr/bin/cc   -DCHECK_FUNCTION_EXISTS=pthread_create    CMakeFiles/cmTC_4d33e.dir/CheckFunctionExists.c.o  -o cmTC_4d33e -rdynamic -lpthreads 
/usr/bin/ld: cannot find -lpthreads
collect2: error: ld returned 1 exit status
CMakeFiles/cmTC_4d33e.dir/build.make:97: recipe for target 'cmTC_4d33e' failed
make[1]: *** [cmTC_4d33e] Error 1
make[1]: Leaving directory '/home/ubuntu/Documents/auav/palapa707/build/CMakeFiles/CMakeTmp'
Makefile:126: recipe for target 'cmTC_4d33e/fast' failed
make: *** [cmTC_4d33e/fast] Error 2


